app/build/outputs/logs/manifest-merger-debug-report.txt
-- Merging decision tree log ---
manifest
ADDED from src\main\AndroidManifest.xml:2:1-104:12
	package
		ADDED from src\main\AndroidManifest.xml:3:5-30
		INJECTED from src\main\AndroidManifest.xml
		INJECTED from src\main\AndroidManifest.xml
	android:versionName
		ADDED from src\main\AndroidManifest.xml:5:5-30
		INJECTED from src\main\AndroidManifest.xml
		INJECTED from src\main\AndroidManifest.xml
	android:versionCode
		ADDED from src\main\AndroidManifest.xml:4:5-28
		INJECTED from src\main\AndroidManifest.xml
		INJECTED from src\main\AndroidManifest.xml
	xmlns:android
		ADDED from src\main\AndroidManifest.xml:2:11-69
uses-sdk
ADDED from src\main\AndroidManifest.xml:7:5-72
	android:targetSdkVersion
		ADDED from src\main\AndroidManifest.xml:7:41-69
		INJECTED from src\main\AndroidManifest.xml
		INJECTED from src\main\AndroidManifest.xml
	android:minSdkVersion
		ADDED from src\main\AndroidManifest.xml:7:15-40
		INJECTED from src\main\AndroidManifest.xml
		INJECTED from src\main\AndroidManifest.xml
uses-permission#android.permission.INTERNET
ADDED from src\main\AndroidManifest.xml:9:5-67
	android:name
		ADDED from src\main\AndroidManifest.xml:9:22-64
uses-permission#android.permission.ACCESS_NETWORK_STATE
ADDED from src\main\AndroidManifest.xml:10:2-76
	android:name
		ADDED from src\main\AndroidManifest.xml:10:19-73
uses-permission#android.permission.READ_PHONE_STATE
ADDED from src\main\AndroidManifest.xml:11:2-72
	android:name
		ADDED from src\main\AndroidManifest.xml:11:19-69
uses-permission#android.permission.ACCESS_WIFI_STATE
ADDED from src\main\AndroidManifest.xml:12:2-72
	android:name
		ADDED from src\main\AndroidManifest.xml:12:19-70
uses-permission#android.permission.CHANGE_NETWORK_STATE
ADDED from src\main\AndroidManifest.xml:13:2-75
	android:name
		ADDED from src\main\AndroidManifest.xml:13:19-73
uses-permission#android.permission.CHANGE_WIFI_STATE
ADDED from src\main\AndroidManifest.xml:14:2-72
	android:name
		ADDED from src\main\AndroidManifest.xml:14:19-70
uses-permission#android.permission.INTERACT_ACROSS_USERS
ADDED from src\main\AndroidManifest.xml:15:2-77
	android:name
		ADDED from src\main\AndroidManifest.xml:15:19-74
uses-permission#android.permission.INTERACT_ACROSS_USERS_FULL
ADDED from src\main\AndroidManifest.xml:16:2-81
	android:name
		ADDED from src\main\AndroidManifest.xml:16:19-79
uses-permission#android.permission.SET_DEBUG_APP
ADDED from src\main\AndroidManifest.xml:17:2-68
	android:name
		ADDED from src\main\AndroidManifest.xml:17:19-66
uses-permission#android.permission.READ_EXTERNAL_STORAGE
ADDED from src\main\AndroidManifest.xml:18:2-76
	android:name
		ADDED from src\main\AndroidManifest.xml:18:19-74
uses-permission#android.permission.WRITE_EXTERNAL_STORAGE
ADDED from src\main\AndroidManifest.xml:19:2-77
	android:name
		ADDED from src\main\AndroidManifest.xml:19:19-75
application
ADDED from src\main\AndroidManifest.xml:21:5-102:19
	android:label
		ADDED from src\main\AndroidManifest.xml:23:9-41
	android:icon
		ADDED from src\main\AndroidManifest.xml:22:9-38
	android:largeHeap
		ADDED from src\main\AndroidManifest.xml:24:9-33
activity#com.new1.settop.Connect
ADDED from src\main\AndroidManifest.xml:26:9-29:73
	android:label
		ADDED from src\main\AndroidManifest.xml:28:13-45
	android:theme
		ADDED from src\main\AndroidManifest.xml:29:13-71
	android:name
		ADDED from src\main\AndroidManifest.xml:27:13-51
activity-alias#com.new.settop.HantvActivity
ADDED from src\main\AndroidManifest.xml:31:9-39:26
	android:label
		ADDED from src\main\AndroidManifest.xml:33:13-45
	android:targetActivity
		ADDED from src\main\AndroidManifest.xml:34:13-61
	android:name
		ADDED from src\main\AndroidManifest.xml:32:13-56
intent-filter#android.intent.action.MAIN+android.intent.category.LAUNCHER
ADDED from src\main\AndroidManifest.xml:35:13-38:29
action#android.intent.action.MAIN
ADDED from src\main\AndroidManifest.xml:36:17-68
	android:name
		ADDED from src\main\AndroidManifest.xml:36:25-66
category#android.intent.category.LAUNCHER
ADDED from src\main\AndroidManifest.xml:37:17-76
	android:name
		ADDED from src\main\AndroidManifest.xml:37:27-74
activity#com.new1.settop.HantvActivity2
ADDED from src\main\AndroidManifest.xml:42:9-43:20
	android:theme
		ADDED from src\main\AndroidManifest.xml:42:66-124
	android:name
		ADDED from src\main\AndroidManifest.xml:42:19-64
activity#com.new1.settop.MainMenuActivity
ADDED from src\main\AndroidManifest.xml:44:9-45:20
	android:theme
		ADDED from src\main\AndroidManifest.xml:44:68-126
	android:name
		ADDED from src\main\AndroidManifest.xml:44:19-66
activity#com.new1.settop.DetailDramaActivity
ADDED from src\main\AndroidManifest.xml:46:9-47:20
	android:theme
		ADDED from src\main\AndroidManifest.xml:46:71-129
	android:name
		ADDED from src\main\AndroidManifest.xml:46:19-69
activity#com.new1.settop.DetailShowActivity
ADDED from src\main\AndroidManifest.xml:48:9-49:20
	android:theme
		ADDED from src\main\AndroidManifest.xml:48:69-127
	android:name
		ADDED from src\main\AndroidManifest.xml:48:19-68
activity#com.new1.settop.DetailDialogActivity
ADDED from src\main\AndroidManifest.xml:50:9-53:20
	android:theme
		ADDED from src\main\AndroidManifest.xml:52:13-58
	android:name
		ADDED from src\main\AndroidManifest.xml:51:13-64
activity#com.new1.settop.live.LiveListActivity
ADDED from src\main\AndroidManifest.xml:54:9-55:20
	android:theme
		ADDED from src\main\AndroidManifest.xml:54:72-130
	android:name
		ADDED from src\main\AndroidManifest.xml:54:19-71
activity#com.new1.settop.MovieListActivity
ADDED from src\main\AndroidManifest.xml:56:9-57:20
	android:theme
		ADDED from src\main\AndroidManifest.xml:56:68-126
	android:name
		ADDED from src\main\AndroidManifest.xml:56:19-67
activity#com.new1.settop.BroadcastListActivity
ADDED from src\main\AndroidManifest.xml:58:9-59:20
	android:theme
		ADDED from src\main\AndroidManifest.xml:58:72-130
	android:name
		ADDED from src\main\AndroidManifest.xml:58:19-71
activity#com.new1.settop.shopping.ShoppingListActivity
ADDED from src\main\AndroidManifest.xml:60:9-61:20
	android:theme
		ADDED from src\main\AndroidManifest.xml:60:80-138
	android:name
		ADDED from src\main\AndroidManifest.xml:60:19-79
activity#com.new1.settop.shopping.DetailShoppingActivity
ADDED from src\main\AndroidManifest.xml:62:9-63:20
	android:theme
		ADDED from src\main\AndroidManifest.xml:62:82-140
	android:name
		ADDED from src\main\AndroidManifest.xml:62:19-81
activity#com.new1.settop.shopping.LifeCategoryActivity
ADDED from src\main\AndroidManifest.xml:64:9-65:20
	android:theme
		ADDED from src\main\AndroidManifest.xml:64:80-138
	android:name
		ADDED from src\main\AndroidManifest.xml:64:19-79
activity#com.new1.settop.shopping.LifeListActivity
ADDED from src\main\AndroidManifest.xml:66:10-67:20
	android:theme
		ADDED from src\main\AndroidManifest.xml:66:77-135
	android:name
		ADDED from src\main\AndroidManifest.xml:66:20-76
activity#com.new1.settop.shopping.DetailLifeActivity
ADDED from src\main\AndroidManifest.xml:68:9-69:20
	android:theme
		ADDED from src\main\AndroidManifest.xml:68:78-136
	android:name
		ADDED from src\main\AndroidManifest.xml:68:19-77
activity#com.new1.settop.delivery.DeliveryListActivity
ADDED from src\main\AndroidManifest.xml:70:9-71:20
	android:theme
		ADDED from src\main\AndroidManifest.xml:70:80-138
	android:name
		ADDED from src\main\AndroidManifest.xml:70:19-79
activity#com.new1.setting.RechargeActivity
ADDED from src\main\AndroidManifest.xml:72:9-73:20
	android:theme
		ADDED from src\main\AndroidManifest.xml:72:68-126
	android:name
		ADDED from src\main\AndroidManifest.xml:72:19-67
activity#com.new1.setting.ChildActivity
ADDED from src\main\AndroidManifest.xml:74:9-75:20
	android:theme
		ADDED from src\main\AndroidManifest.xml:74:65-123
	android:name
		ADDED from src\main\AndroidManifest.xml:74:19-64
activity#com.new1.setting.HelpActivity
ADDED from src\main\AndroidManifest.xml:76:10-77:20
	android:theme
		ADDED from src\main\AndroidManifest.xml:76:65-123
	android:name
		ADDED from src\main\AndroidManifest.xml:76:20-64
activity#com.new1.setting.SpeedActivity
ADDED from src\main\AndroidManifest.xml:78:11-79:20
	android:theme
		ADDED from src\main\AndroidManifest.xml:78:67-125
	android:name
		ADDED from src\main\AndroidManifest.xml:78:21-66
activity#com.new1.setting.SearchActivity
ADDED from src\main\AndroidManifest.xml:80:9-81:20
	android:theme
		ADDED from src\main\AndroidManifest.xml:80:66-124
	android:name
		ADDED from src\main\AndroidManifest.xml:80:19-65
activity#com.new1.settop.VideoViewActivity
ADDED from src\main\AndroidManifest.xml:82:9-83:20
	android:theme
		ADDED from src\main\AndroidManifest.xml:82:68-126
	android:name
		ADDED from src\main\AndroidManifest.xml:82:19-67
activity#com.new1.setting.RestoreActivity
ADDED from src\main\AndroidManifest.xml:84:9-85:20
	android:theme
		ADDED from src\main\AndroidManifest.xml:84:67-125
	android:name
		ADDED from src\main\AndroidManifest.xml:84:19-66
activity#com.new1.settop.shopping.ExchangeActivity
ADDED from src\main\AndroidManifest.xml:86:9-87:20
	android:theme
		ADDED from src\main\AndroidManifest.xml:86:76-134
	android:name
		ADDED from src\main\AndroidManifest.xml:86:19-75
activity#com.new1.setting.ShortChannelActivity
ADDED from src\main\AndroidManifest.xml:88:9-89:20
	android:theme
		ADDED from src\main\AndroidManifest.xml:88:72-130
	android:name
		ADDED from src\main\AndroidManifest.xml:88:19-71
activity#com.new1.settop.shopping.YellowCategoryActivity
ADDED from src\main\AndroidManifest.xml:90:10-91:20
	android:theme
		ADDED from src\main\AndroidManifest.xml:90:83-141
	android:name
		ADDED from src\main\AndroidManifest.xml:90:20-82
activity#com.new1.settop.shopping.YellowListActivity
ADDED from src\main\AndroidManifest.xml:92:9-93:20
	android:theme
		ADDED from src\main\AndroidManifest.xml:92:78-136
	android:name
		ADDED from src\main\AndroidManifest.xml:92:19-77
activity#com.new1.settop.shopping.DetailYellowActivity
ADDED from src\main\AndroidManifest.xml:94:9-95:20
	android:theme
		ADDED from src\main\AndroidManifest.xml:94:80-138
	android:name
		ADDED from src\main\AndroidManifest.xml:94:19-79
activity#com.new1.settop.shopping.ShoppingCategoryActivity
ADDED from src\main\AndroidManifest.xml:96:10-97:20
	android:theme
		ADDED from src\main\AndroidManifest.xml:96:85-143
	android:name
		ADDED from src\main\AndroidManifest.xml:96:20-84
activity#com.new1.settop.delivery.DeliveryCategoryActivity
ADDED from src\main\AndroidManifest.xml:98:10-99:20
	android:theme
		ADDED from src\main\AndroidManifest.xml:98:85-143
	android:name
		ADDED from src\main\AndroidManifest.xml:98:20-84
activity#com.new1.listlive.ListLiveActivity
ADDED from src\main\AndroidManifest.xml:100:9-101:20
	android:theme
		ADDED from src\main\AndroidManifest.xml:100:69-127
	android:name
		ADDED from src\main\AndroidManifest.xml:100:19-68